T4E88 8675:528.460   SEGGER J-Link V7.52a Log File
T4E88 8675:528.547   DLL Compiled: Jul 28 2021 11:08:12
T4E88 8675:528.582   Logging started @ 2023-05-04 22:15
T4E88 8675:528.614 - 170992.389ms
T4E88 8675:537.000 JLINK_ExecCommand("Device = ATSAMD21G18A", ...). 
T4E88 8675:537.600   Device "ATSAMD21G18" selected.
T4E88 8675:538.087 - 1.060ms returns 0x00
T4E88 8675:588.942 JLINK_TIF_Select(JLINKARM_TIF_SWD)
T4E88 8675:589.761 - 0.856ms returns 0x00
T4E88 8675:589.823 JLINK_SetSpeed(4000)
T4E88 8675:589.974 - 0.181ms
T4E88 8675:590.023 JLINK_ResetPullsRESET(OFF)
T4E88 8675:590.044 - 0.030ms
T4E88 8675:590.066 JLINK_Connect()
T4E88 8675:590.400   InitTarget() start
T4E88 8675:590.469    J-Link Script File: Executing InitTarget()
T4E88 8675:590.987   InitTarget()
T4E88 8675:593.701   InitTarget() end
T4E88 8675:594.557   Found SW-DP with ID 0x0BC11477
T4E88 8675:596.769   DPIDR: 0x0BC11477
T4E88 8675:596.798   Scanning AP map to find all available APs
T4E88 8675:597.483   AP[1]: Stopped AP scan as end of AP map has been reached
T4E88 8675:597.520   AP[0]: AHB-AP (IDR: 0x04770031)
T4E88 8675:597.584   Iterating through AP map to find AHB-AP to use
T4E88 8675:598.687   AP[0]: Core found
T4E88 8675:598.728   AP[0]: AHB-AP ROM base: 0x41003000
T4E88 8675:599.221   CPUID register: 0x410CC601. Implementer code: 0x41 (ARM)
T4E88 8675:599.245   Found Cortex-M0 r0p1, Little endian.
T4E88 8675:699.999   -- Max. mem block: 0x000013E0
T4E88 8675:700.168   CPU_ReadMem(4 bytes @ 0xE000EDF0)
T4E88 8675:700.571   CPU_WriteMem(4 bytes @ 0xE000EDF0)
T4E88 8675:700.979   CPU_ReadMem(4 bytes @ 0xE0002000)
T4E88 8675:701.441   FPUnit: 4 code (BP) slots and 0 literal slots
T4E88 8675:701.463   CPU_ReadMem(4 bytes @ 0xE000EDFC)
T4E88 8675:702.015   CPU_WriteMem(4 bytes @ 0xE000EDFC)
T4E88 8675:702.419   CPU_ReadMem(4 bytes @ 0xE0001000)
T4E88 8675:702.784   CPU_WriteMem(4 bytes @ 0xE0001000)
T4E88 8675:703.180   CoreSight components:
T4E88 8675:703.205   ROMTbl[0] @ 41003000
T4E88 8675:703.217   CPU_ReadMem(64 bytes @ 0x41003000)
T4E88 8675:703.932   CPU_ReadMem(32 bytes @ 0xE00FFFE0)
T4E88 8675:704.494   ROMTbl[0][0]: E00FF000, CID: B105100D, PID: 000BB4C0 ROM Table
T4E88 8675:704.517   ROMTbl[1] @ E00FF000
T4E88 8675:704.529   CPU_ReadMem(64 bytes @ 0xE00FF000)
T4E88 8675:705.248   CPU_ReadMem(32 bytes @ 0xE000EFE0)
T4E88 8675:705.788   ROMTbl[1][0]: E000E000, CID: B105E00D, PID: 000BB008 SCS
T4E88 8675:705.805   CPU_ReadMem(32 bytes @ 0xE0001FE0)
T4E88 8675:706.340   ROMTbl[1][1]: E0001000, CID: B105E00D, PID: 000BB00A DWT
T4E88 8675:706.357   CPU_ReadMem(32 bytes @ 0xE0002FE0)
T4E88 8675:706.941   ROMTbl[1][2]: E0002000, CID: B105E00D, PID: 000BB00B FPB
T4E88 8675:706.960   CPU_ReadMem(32 bytes @ 0x41006FE0)
T4E88 8675:707.506   ROMTbl[0][1]: 41006000, CID: B105900D, PID: 001BB932 MTB-M0+
T4E88 8675:707.528 - 117.466ms returns 0x00
T4E88 8675:707.638 JLINK_ExecCommand("ExcludeFlashCacheRange 0x0 - 0x40000", ...). 
T4E88 8675:707.654 - 0.005ms returns 0x00
T4E88 8675:707.689 JLINK_Halt()
T4E88 8675:710.519 - 2.843ms returns 0x00
T4E88 8675:712.114 JLINK_JTAG_GetDeviceID(DeviceIndex = 0)
T4E88 8675:712.136 - 0.027ms returns 0
T4E88 8675:712.152 JLINK_ReadMemU32(0x41002018, 0x1 Items)
T4E88 8675:712.178   CPU_ReadMem(4 bytes @ 0x41002018)
T4E88 8675:712.532   Data:  05 03 01 10
T4E88 8675:712.548 - 0.399ms returns 1 (0x1)
T4B48 8675:722.108 JLINK_IsHalted()
T4B48 8675:722.506 - 0.409ms returns TRUE
T4B48 8675:722.528 JLINK_GetMOEs(...)
T4B48 8675:722.543   CPU_ReadMem(4 bytes @ 0xE000ED30)
T4B48 8675:722.894 - 0.375ms returns 0x01
T4B48 8675:722.912 JLINK_ReadReg(R15 (PC))
T4B48 8675:722.925 - 0.017ms returns 0x00033810
T4E88 8675:746.087 JLINK_BeginDownload(Flags = 0x00000000)
T4E88 8675:746.118 - 0.035ms
T4E88 8675:746.139 JLINK_WriteMem(0x00000000, 0xD6F8 Bytes, ...)
T4E88 8675:746.148   Data:  D0 2C 00 20 85 6C 00 00 7D 6D 00 00 7D 6D 00 00 ...
T4E88 8675:746.643   completely In flash
T4E88 8675:746.732    -- Read from flash cache (55032 bytes @ 0x00000000)
T4E88 8675:746.752 - 0.675ms returns 0xD6F8
T4E88 8675:747.188 JLINK_WriteMem(0x0000D6F8, 0xC4 Bytes, ...)
T4E88 8675:747.202   Data:  40 1F 00 00 08 00 00 00 07 01 00 00 30 3A 73 64 ...
T4E88 8675:747.224   completely In flash
T4E88 8675:747.243    -- Read from flash cache (196 bytes @ 0x0000D6F8)
T4E88 8675:747.398 - 0.215ms returns 0xC4
T4B48 8675:922.157 JLINK_IsHalted()
T4B48 8675:922.196 - 0.045ms returns TRUE
T4E88 8675:923.410 JLINK_EndDownload()
T4E88 8675:924.122   CPU_ReadMem(4 bytes @ 0x41006004)
T4E88 8675:924.465   CPU_ReadMem(4 bytes @ 0xE000ED90)
T4E88 8675:924.796    -- --------------------------------------
T4E88 8675:924.814   Flash bank @ 0x00000000: Default: L2 verify disabled because algorithm performs L1 verify
T4E88 8675:924.825    -- Start of determining dirty areas in flash cache
T4E88 8675:924.899    -- End of determining dirty areas
T4E88 8675:924.910    -- Start of preparing flash programming
T4E88 8675:924.920    -- Calculating RAM usage
T4E88 8675:924.938    -- RAM usage = 3876 Bytes
T4E88 8675:924.948    -- Preserving CPU registers
T4E88 8675:924.972    -- Preparing memory
T4E88 8675:924.982    -- Preparing target
T4E88 8675:924.992    -- Preserving target RAM temporarily used for programming
T4E88 8675:949.625    -- Downloading RAMCode
T4E88 8675:967.148    -- Preparing RAMCode
T4E88 8675:972.563    -- Checking target RAM
T4E88 8675:973.965    -- End of preparing flash programming
T4E88 8675:974.226   Looking for J-Link GUI Server exe at: C:\Program Files (x86)\Atmel\Studio\7.0\atbackend\JLinkGUIServer.exe
T4E88 8675:974.327   Looking for J-Link GUI Server exe at: \JLinkGUIServer.exe
T4E88 8676:274.543   Failed to connect to J-Link GUI Server.
T4E88 8676:308.887    -- CPU speed could not be measured.
T4E88 8676:308.934    -- Start of comparing flash
T4E88 8676:309.001    -- CRC check was estimated as fastest method
T4E88 8676:309.025    -- Comparing range 0x0000 - 0x7FFF (128 Sectors, 32 KiB), using multi-block CRC calculation
T4E88 8676:334.504    -- All CRCs match
T4E88 8676:334.544    -- Comparing range 0x8000 - 0xD7FF (88 Sectors, 22 KiB), using multi-block CRC calculation
T4E88 8676:352.568    -- All CRCs match
T4E88 8676:352.607    -- Comparing range 0x0000 - 0x7FFF (128 Sectors, 32 KiB), using alternative multi-block CRC calculation
T4E88 8676:378.465    -- All CRCs match
T4E88 8676:378.506    -- Comparing range 0x8000 - 0xD7FF (88 Sectors, 22 KiB), using alternative multi-block CRC calculation
T4E88 8676:396.645    -- All CRCs match
T4E88 8676:396.680    -- End of comparing flash
T4E88 8676:396.691    -- Start of erasing sectors
T4E88 8676:396.701    -- End of erasing sectors
T4E88 8676:396.710    -- Start of flash programming
T4E88 8676:396.720    -- End of flash programming
T4E88 8676:396.730    -- Start of restoring
T4E88 8676:396.740    -- Restoring RAMCode
T4E88 8676:400.484    -- Restoring target memory
T4E88 8676:419.610    -- Restore target
T4E88 8676:419.645    -- Restore memory
T4E88 8676:419.656    -- Restoring CPU registers
T4E88 8676:419.685    -- End of restoring
T4E88 8676:419.767    -- Bank 0 @ 0x00000000: Skipped. Contents already match
T4E88 8676:419.787    -- Bank 0 @ 0x00000000: Skipped. Contents already match
T4E88 8676:423.036 - 499.641ms returns 0 (0x0)
T4E88 8676:423.136 JLINK_ResetPullsRESET(ON)
T4E88 8676:423.150 - 0.018ms
T4E88 8676:423.179 JLINK_ResetNoHalt()
T4E88 8676:423.448   InitTarget() start
T4E88 8676:423.495    J-Link Script File: Executing InitTarget()
T4E88 8676:423.543   InitTarget()
T4E88 8676:426.171   InitTarget() end
T4E88 8676:426.849   Found SW-DP with ID 0x0BC11477
T4E88 8676:429.395   DPIDR: 0x0BC11477
T4E88 8676:429.435   AP map detection skipped. Manually configured AP map found.
T4E88 8676:429.459   AP[0]: AHB-AP (IDR: Not set)
T4E88 8676:430.524   AP[0]: Core found
T4E88 8676:430.563   AP[0]: AHB-AP ROM base: 0x41003000
T4E88 8676:431.151   CPUID register: 0x410CC601. Implementer code: 0x41 (ARM)
T4E88 8676:431.187   Found Cortex-M0 r0p1, Little endian.
T4E88 8676:532.567   -- Max. mem block: 0x000010C8
T4E88 8676:532.769   CPU_ReadMem(4 bytes @ 0xE000EDF0)
T4E88 8676:533.518   CPU_ReadMem(4 bytes @ 0xE0002000)
T4E88 8676:534.008   FPUnit: 4 code (BP) slots and 0 literal slots
T4E88 8676:534.036   CPU_ReadMem(4 bytes @ 0xE000EDFC)
T4E88 8676:534.411   CPU_ReadMem(4 bytes @ 0xE0001000)
T4E88 8676:534.842   CoreSight components:
T4E88 8676:534.885   ROMTbl[0] @ 41003000
T4E88 8676:534.907   CPU_ReadMem(64 bytes @ 0x41003000)
T4E88 8676:535.840   CPU_ReadMem(32 bytes @ 0xE00FFFE0)
T4E88 8676:536.414   ROMTbl[0][0]: E00FF000, CID: B105100D, PID: 000BB4C0 ROM Table
T4E88 8676:536.451   ROMTbl[1] @ E00FF000
T4E88 8676:536.471   CPU_ReadMem(64 bytes @ 0xE00FF000)
T4E88 8676:537.226   CPU_ReadMem(32 bytes @ 0xE000EFE0)
T4E88 8676:537.830   ROMTbl[1][0]: E000E000, CID: B105E00D, PID: 000BB008 SCS
T4E88 8676:537.848   CPU_WriteMem(4 bytes @ 0xE0001000)
T4E88 8676:538.234   CPU_ReadMem(32 bytes @ 0xE0001FE0)
T4E88 8676:538.810   ROMTbl[1][1]: E0001000, CID: B105E00D, PID: 000BB00A DWT
T4E88 8676:538.827   CPU_ReadMem(32 bytes @ 0xE0002FE0)
T4E88 8676:539.394   ROMTbl[1][2]: E0002000, CID: B105E00D, PID: 000BB00B FPB
T4E88 8676:539.412   CPU_ReadMem(32 bytes @ 0x41006FE0)
T4E88 8676:539.959   ROMTbl[0][1]: 41006000, CID: B105900D, PID: 001BB932 MTB-M0+
T4E88 8676:539.985   JLINK_Reset()
T4E88 8676:539.996     CPU_ReadMem(4 bytes @ 0x20000000)
T4E88 8676:540.357     CPU_WriteMem(4 bytes @ 0x20000000)
T4E88 8676:540.806     ResetTarget() start
T4E88 8676:540.823      J-Link Script File: Executing ResetTarget()
T4E88 8676:541.169     CPU_ReadMem(4 bytes @ 0xE000EDFC)
T4E88 8676:541.520     CPU_WriteMem(4 bytes @ 0xE000EDFC)
T4E88 8676:541.910     CPU_WriteMem(4 bytes @ 0xE000ED0C)
T4E88 8676:543.931     CPU_ReadMem(4 bytes @ 0xE000EDF0)
T4E88 8676:544.314     CPU_ReadMem(4 bytes @ 0x41002100)
T4E88 8676:544.682     CPU_WriteMem(4 bytes @ 0xE000EDFC)
T4E88 8676:545.088     ResetTarget() end
T4E88 8676:548.721     CPU_WriteMem(4 bytes @ 0xE0002000)
T4E88 8676:549.453     CPU_ReadMem(4 bytes @ 0xE000EDFC)
T4E88 8676:550.036     CPU_ReadMem(4 bytes @ 0xE0001000)
T4E88 8676:550.411     CPU_WriteMem(4 bytes @ 0xE0001000)
T4E88 8676:550.799   - 10.821ms
T4E88 8676:550.813   JLINK_Go()
T4E88 8676:550.829     CPU_ReadMem(4 bytes @ 0xE0001000)
T4E88 8676:551.213     CPU_WriteMem(4 bytes @ 0xE0001000)
T4E88 8676:551.632     CPU_WriteMem(4 bytes @ 0xE0001004)
T4E88 8676:552.501   - 1.699ms
T4E88 8676:552.518 - 129.342ms
T4E88 8676:562.162 JLINK_Close()
T4E88 8676:598.120 - 35.985ms
T4E88 8676:598.154   
T4E88 8676:598.163   Closed
